{"numTotalTestSuites":536,"numPassedTestSuites":496,"numFailedTestSuites":40,"numPendingTestSuites":0,"numTotalTests":1315,"numPassedTests":1249,"numFailedTests":58,"numPendingTests":8,"numTodoTests":0,"snapshot":{"added":0,"failure":false,"filesAdded":0,"filesRemoved":0,"filesRemovedList":[],"filesUnmatched":0,"filesUpdated":0,"matched":0,"total":0,"unchecked":0,"uncheckedKeysByFile":[],"unmatched":0,"updated":0,"didUpdate":false},"startTime":1785944712703,"success":false,"testResults":[{"assertionResults":[{"ancestorTitles":["getUserActiveDataSource"],"fullName":"getUserActiveDataSource uses sole connected broker and auto-promotes primary","status":"passed","title":"uses sole connected broker and auto-promotes primary","duration":112.81539999999995,"failureMessages":[],"meta":{},"tags":[]},{"ancestorTitles":["getUserActiveDataSource"],"fullName":"getUserActiveDataSource uses explicit primary when both connected","status":"passed","title":"uses explicit primary when both connected","duration":8.525900000000092,"failureMessages":[],"meta":{},"tags":[]},{"ancestorTitles":["getUserActiveDataSource"],"fullName":"getUserActiveDataSource requires selection when both connected and none primary","status":"passed","title":"requires selection when both connected and none primary","duration":6.928199999999833,"failureMessages":[],"meta":{},"tags":[]},{"ancestorTitles":["getUserActiveDataSource"],"fullName":"getUserActiveDataSource requires selection when remaining broker is pending after disconnect","status":"passed","title":"requires selection when remaining broker is pending after disconnect","duration":3.9648000000001957,"failureMessages":[],"meta":{},"tags":[]},{"ancestorTitles":["getUserActiveDataSource"],"fullName":"getUserActiveDataSource setUserActiveDataSource persists preference","status":"passed","title":"setUserActiveDataSource persists preference","duration":4.499299999999948,"failureMessages":[],"meta":{},"tags":[]},{"ancestorTitles":["getUserActiveDataSource"],"fullName":"getUserActiveDataSource disconnect of active source flags remaining for selection (no silent switch)","status":"passed","title":"disconnect of active source flags remaining for selection (no silent switch)","duration":6.822400000000016,"failureMessages":[],"meta":{},"tags":[]},{"ancestorTitles":["resolvePrimaryFlagOnConnect"],"fullName":"resolvePrimaryFlagOnConnect marks first broker as primary","status":"passed","title":"marks first broker as primary","duration":13.503600000000006,"failureMessages":[],"meta":{},"tags":[]},{"ancestorTitles":["resolvePrimaryFlagOnConnect"],"fullName":"resolvePrimaryFlagOnConnect keeps existing primary when connecting another broker","status":"passed","title":"keeps existing primary when connecting another broker","duration":4.386499999999842,"failureMessages":[],"meta":{},"tags":[]},{"ancestorTitles":["resolvePrimaryFlagOnConnect"],"fullName":"resolvePrimaryFlagOnConnect preserves primary when reconnecting the active broker","status":"passed","title":"preserves primary when reconnecting the active broker","duration":10.40930000000003,"failureMessages":[],"meta":{},"tags":[]},{"ancestorTitles":["resolvePrimaryFlagOnConnect"],"fullName":"resolvePrimaryFlagOnConnect does not auto-steal when others exist without primary","status":"passed","title":"does not auto-steal when others exist without primary","duration":6.798200000000179,"failureMessages":[],"meta":{},"tags":[]},{"ancestorTitles":["system provider flags"],"fullName":"system provider flags exposes getSystemMarketDataProvider separate from user resolution","status":"passed","title":"exposes getSystemMarketDataProvider separate from user resolution","duration":19.186500000000024,"failureMessages":[],"meta":{},"tags":[]}],"startTime":1785944738524,"endTime":1785944738724.1865,"status":"passed","message":"","name":"D:/api-update - Copy/src/__tests__/activeDataSource.vitest.ts"},{"assertionResults":[{"ancestorTitles":["adaptive parameter store"],"fullName":"adaptive parameter store builds content-addressed immutable records","status":"passed","title":"builds content-addressed immutable records","duration":57.478599999999915,"failureMessages":[],"meta":{},"tags":[]},{"ancestorTitles":["adaptive parameter store"],"fullName":"adaptive parameter store rejects tampered records","status":"passed","title":"rejects tampered records","duration":1.4532000000001517,"failureMessages":[],"meta":{},"tags":[]}],"startTime":1785944754622,"endTime":1785944754681.4531,"status":"passed","message":"","name":"D:/api-update - Copy/src/__tests__/adaptiveParameters.vitest.ts"},{"assertionResults":[{"ancestorTitles":["createUserByAdmin"],"fullName":"createUserByAdmin rejects missing name","status":"passed","title":"rejects missing name","duration":11.831299999999828,"failureMessages":[],"meta":{},"tags":[]},{"ancestorTitles":["createUserByAdmin"],"fullName":"createUserByAdmin rejects invalid email","status":"passed","title":"rejects invalid email","duration":5.171499999999924,"failureMessages":[],"meta":{},"tags":[]},{"ancestorTitles":["createUserByAdmin"],"fullName":"createUserByAdmin rejects weak password","status":"passed","title":"rejects weak password","duration":2.1127000000001317,"failureMessages":[],"meta":{},"tags":[]},{"ancestorTitles":["createUserByAdmin"],"fullName":"createUserByAdmin rejects duplicate email before insert","status":"passed","title":"rejects duplicate email before insert","duration":2.029899999999998,"failureMessages":[],"meta":{},"tags":[]},{"ancestorTitles":["createUserByAdmin"],"fullName":"createUserByAdmin creates user and returns mapped row","status":"passed","title":"creates user and returns mapped row","duration":5.947200000000066,"failureMessages":[],"meta":{},"tags":[]},{"ancestorTitles":["createUserByAdmin"],"fullName":"createUserByAdmin maps duplicate key errors to a friendly message","status":"passed","title":"maps duplicate key errors to a friendly message","duration":1.4606000000003405,"failureMessages":[],"meta":{},"tags":[]},{"ancestorTitles":["updateUserByAdmin"],"fullName":"updateUserByAdmin rejects unknown user","status":"passed","title":"rejects unknown user","duration":1.7361000000000786,"failureMessages":[],"meta":{},"tags":[]},{"ancestorTitles":["updateUserByAdmin"],"fullName":"updateUserByAdmin rejects duplicate email owned by another user","status":"passed","title":"rejects duplicate email owned by another user","duration":1.015100000000075,"failureMessages":[],"meta":{},"tags":[]},{"ancestorTitles":["updateUserByAdmin"],"fullName":"updateUserByAdmin prevents admin from disabling own account","status":"passed","title":"prevents admin from disabling own account","duration":1.3609000000001288,"failureMessages":[],"meta":{},"tags":[]},{"ancestorTitles":["updateUserByAdmin"],"fullName":"updateUserByAdmin updates editable fields and returns refreshed user","status":"passed","title":"updates editable fields and returns refreshed user","duration":2.889599999999973,"failureMessages":[],"meta":{},"tags":[]},{"ancestorTitles":["updateUserByAdmin"],"fullName":"updateUserByAdmin allows keeping the same email without duplicate error","status":"passed","title":"allows keeping the same email without duplicate error","duration":1.5537999999996828,"failureMessages":[],"meta":{},"tags":[]},{"ancestorTitles":["deleteUserByAdmin"],"fullName":"deleteUserByAdmin prevents deleting own account","status":"passed","title":"prevents deleting own account","duration":9.041000000000167,"failureMessages":[],"meta":{},"tags":[]},{"ancestorTitles":["deleteUserByAdmin"],"fullName":"deleteUserByAdmin rejects unknown user","status":"passed","title":"rejects unknown user","duration":2.1140999999997803,"failureMessages":[],"meta":{},"tags":[]},{"ancestorTitles":["deleteUserByAdmin"],"fullName":"deleteUserByAdmin prevents deleting the last admin","status":"passed","title":"prevents deleting the last admin","duration":0.7372999999997774,"failureMessages":[],"meta":{},"tags":[]},{"ancestorTitles":["deleteUserByAdmin"],"fullName":"deleteUserByAdmin deletes user after cleaning up auth-related rows","status":"passed","title":"deletes user after cleaning up auth-related rows","duration":9.072999999999865,"failureMessages":[],"meta":{},"tags":[]},{"ancestorTitles":["deleteUserByAdmin"],"fullName":"deleteUserByAdmin maps foreign key errors to a friendly message","status":"passed","title":"maps foreign key errors to a friendly message","duration":0.9886000000001332,"failureMessages":[],"meta":{},"tags":[]},{"ancestorTitles":["admin users UI contracts"],"fullName":"admin users UI contracts exposes Add User action and create-user API wiring","status":"passed","title":"exposes Add User action and create-user API wiring","duration":1.6702000000000226,"failureMessages":[],"meta":{},"tags":[]},{"ancestorTitles":["admin users UI contracts"],"fullName":"admin users UI contracts validates required fields before submit","status":"passed","title":"validates required fields before submit","duration":1.5947000000001026,"failureMessages":[],"meta":{},"tags":[]},{"ancestorTitles":["admin users UI contracts"],"fullName":"admin users UI contracts refreshes list locally after successful creation","status":"passed","title":"refreshes list locally after successful creation","duration":0.43760000000020227,"failureMessages":[],"meta":{},"tags":[]},{"ancestorTitles":["admin users UI contracts"],"fullName":"admin users UI contracts admin POST route handles resource=user creation","status":"passed","title":"admin POST route handles resource=user creation","duration":1.0084999999999127,"failureMessages":[],"meta":{},"tags":[]},{"ancestorTitles":["admin users UI contracts"],"fullName":"admin users UI contracts exposes Edit User action and update wiring","status":"passed","title":"exposes Edit User action and update wiring","duration":2.4171000000001186,"failureMessages":[],"meta":{},"tags":[]},{"ancestorTitles":["admin users UI contracts"],"fullName":"admin users UI contracts exposes Delete User action with confirmation and API wiring","status":"passed","title":"exposes Delete User action with confirmation and API wiring","duration":1.4320000000002437,"failureMessages":[],"meta":{},"tags":[]}],"startTime":1785944759386,"endTime":1785944759456.432,"status":"passed","message":"","name":"D:/api-update - Copy/src/__tests__/adminUsers.vitest.ts"},{"assertionResults":[{"ancestorTitles":["operational alerts"],"fullName":"operational alerts emits critical alert on database failure","status":"passed","title":"emits critical alert on database failure","duration":7.965199999999982,"failureMessages":[],"meta":{},"tags":[]},{"ancestorTitles":["operational alerts"],"fullName":"operational alerts emits warning on high rejection spike","status":"passed","title":"emits warning on high rejection spike","duration":1.0103000000000293,"failureMessages":[],"meta":{},"tags":[]},{"ancestorTitles":["operational alerts"],"fullName":"operational alerts counts alerts by severity","status":"passed","title":"counts alerts by severity","duration":1.063199999999938,"failureMessages":[],"meta":{},"tags":[]}],"startTime":1785944788749,"endTime":1785944788759.0632,"status":"passed","message":"","name":"D:/api-update - Copy/src/__tests__/alerts.vitest.ts"},{"assertionResults":[{"ancestorTitles":["API performance observability"],"fullName":"API performance observability attributes timings and cache outcomes to the active request","status":"passed","title":"attributes timings and cache outcomes to the active request","duration":7.979500000000144,"failureMessages":[],"meta":{},"tags":[]},{"ancestorTitles":["API performance observability"],"fullName":"API performance observability exports trade setup generation and deduplication metrics","status":"passed","title":"exports trade setup generation and deduplication metrics","duration":1.174199999999928,"failureMessages":[],"meta":{},"tags":[]},{"ancestorTitles":["API performance observability"],"fullName":"API performance observability does not expose request IDs or user IDs as metric labels","status":"passed","title":"does not expose request IDs or user IDs as metric labels","duration":1.3402000000000953,"failureMessages":[],"meta":{},"tags":[]}],"startTime":1785944786203,"endTime":1785944786213.34,"status":"passed","message":"","name":"D:/api-update - Copy/src/__tests__/apiObservability.vitest.ts"},{"assertionResults":[{"ancestorTitles":["createApiPerfTracker"],"fullName":"createApiPerfTracker records steps and finishes with total time","status":"passed","title":"records steps and finishes with total time","duration":17.83770000000004,"failureMessages":[],"meta":{},"tags":[]}],"startTime":1785944776961,"endTime":1785944776978.8376,"status":"passed","message":"","name":"D:/api-update - Copy/src/__tests__/apiPerf.vitest.ts"},{"assertionResults":[{"ancestorTitles":["appRedirects public host preference"],"fullName":"appRedirects public host preference keeps dig host when Next sees internal localhost behind a proxy","status":"passed","title":"keeps dig host when Next sees internal localhost behind a proxy","duration":97.99609999999984,"failureMessages":[],"meta":{},"tags":[]},{"ancestorTitles":["appRedirects public host preference"],"fullName":"appRedirects public host preference does not let localhost APP_* override a public request host","status":"passed","title":"does not let localhost APP_* override a public request host","duration":4.735400000000027,"failureMessages":[],"meta":{},"tags":[]},{"ancestorTitles":["appRedirects public host preference"],"fullName":"appRedirects public host preference uses nginx Host when APP_* is localhost and X-Forwarded-Host is absent","status":"passed","title":"uses nginx Host when APP_* is localhost and X-Forwarded-Host is absent","duration":5.0534999999999854,"failureMessages":[],"meta":{},"tags":[]},{"ancestorTitles":["appRedirects public host preference"],"fullName":"appRedirects public host preference uses http loopback for genuine local requests","status":"passed","title":"uses http loopback for genuine local requests","duration":3.6044999999999163,"failureMessages":[],"meta":{},"tags":[]},{"ancestorTitles":["appRedirects public host preference"],"fullName":"appRedirects public host preference prefers the callback host over a stale configured public domain","status":"passed","title":"prefers the callback host over a stale configured public domain","duration":5.847999999999956,"failureMessages":[],"meta":{},"tags":[]}],"startTime":1785944750787,"endTime":1785944750904.848,"status":"passed","message":"","name":"D:/api-update - Copy/src/__tests__/appRedirects.vitest.ts"},{"assertionResults":[{"ancestorTitles":["architecture freeze"],"fullName":"architecture freeze forbids decommissioned removed vendor / budget / quota module imports anywhere in src/","status":"passed","title":"forbids decommissioned removed vendor / budget / quota module imports anywhere in src/","duration":3234.7611000000006,"failureMessages":[],"meta":{},"tags":[]},{"ancestorTitles":["architecture freeze"],"fullName":"architecture freeze forbids direct Yahoo/Kite adapter imports outside providers/","status":"passed","title":"forbids direct Yahoo/Kite adapter imports outside providers/","duration":1677.1391999999996,"failureMessages":[],"meta":{},"tags":[]}],"startTime":1785944733866,"endTime":1785944738778.1392,"status":"passed","message":"","name":"D:/api-update - Copy/src/__tests__/architectureFreeze.vitest.ts"},{"assertionResults":[{"ancestorTitles":["asset registry"],"fullName":"asset registry resolves NSE equity with Product A defaults","status":"passed","title":"resolves NSE equity with Product A defaults","duration":5.420600000000036,"failureMessages":[],"meta":{},"tags":[]},{"ancestorTitles":["asset registry"],"fullName":"asset registry lists all supported asset classes","status":"passed","title":"lists all supported asset classes","duration":0.9239999999999782,"failureMessages":[],"meta":{},"tags":[]},{"ancestorTitles":["asset registry"],"fullName":"asset registry marks options as metadata-only","status":"passed","title":"marks options as metadata-only","duration":0.6123999999999796,"failureMessages":[],"meta":{},"tags":[]},{"ancestorTitles":["asset registry"],"fullName":"asset registry allows registering custom assets","status":"passed","title":"allows registering custom assets","duration":0.5773000000000366,"failureMessages":[],"meta":{},"tags":[]}],"startTime":1785944789470,"endTime":1785944789477.6123,"status":"passed","message":"","name":"D:/api-update - Copy/src/__tests__/assetRegistry.vitest.ts"},{"assertionResults":[{"ancestorTitles":["backup and recovery"],"fullName":"backup and recovery builds backup plan with all categories","status":"passed","title":"builds backup plan with all categories","duration":10.890900000000101,"failureMessages":[],"meta":{},"tags":[]},{"ancestorTitles":["backup and recovery"],"fullName":"backup and recovery builds manifest with checksums","status":"passed","title":"builds manifest with checksums","duration":4.3547000000000935,"failureMessages":[],"meta":{},"tags":[]},{"ancestorTitles":["backup and recovery"],"fullName":"backup and recovery documents restore and rollback procedures","status":"passed","title":"documents restore and rollback procedures","duration":1.3225999999999658,"failureMessages":[],"meta":{},"tags":[]}],"startTime":1785944779270,"endTime":1785944779287.3225,"status":"passed","message":"","name":"D:/api-update - Copy/src/__tests__/backupRecovery.vitest.ts"},{"assertionResults":[{"ancestorTitles":["broker auth transaction UTC datetime helpers"],"fullName":"broker auth transaction UTC datetime helpers round-trips UTC wall-clock MySQL datetimes","status":"passed","title":"round-trips UTC wall-clock MySQL datetimes","duration":7.881800000000112,"failureMessages":[],"meta":{},"tags":[]},{"ancestorTitles":["broker auth transaction UTC datetime helpers"],"fullName":"broker auth transaction UTC datetime helpers does not treat UTC expiry as already expired in positive-offset timezones","status":"passed","title":"does not treat UTC expiry as already expired in positive-offset timezones","duration":4.2521999999999025,"failureMessages":[],"meta":{},"tags":[]},{"ancestorTitles":["broker auth transaction UTC datetime helpers"],"fullName":"broker auth transaction UTC datetime helpers rejects Date#toString wall-clock values that are not ISO MySQL datetimes","status":"passed","title":"rejects Date#toString wall-clock values that are not ISO MySQL datetimes","duration":0.7570000000000618,"failureMessages":[],"meta":{},"tags":[]},{"ancestorTitles":["broker auth transaction UTC datetime helpers"],"fullName":"broker auth transaction UTC datetime helpers accepts already-suffixed ISO strings","status":"passed","title":"accepts already-suffixed ISO strings","duration":0.6412999999997737,"failureMessages":[],"meta":{},"tags":[]}],"startTime":1785944783619,"endTime":1785944783632.6414,"status":"passed","message":"","name":"D:/api-update - Copy/src/__tests__/brokerAuthTransactionsUtc.vitest.ts"},{"assertionResults":[{"ancestorTitles":["classifyProviderFailure (provider-agnostic)"],"fullName":"classifyProviderFailure (provider-agnostic) does not demote credentials on network timeout","status":"passed","title":"does not demote credentials on network timeout","duration":58.74980000000005,"failureMessages":[],"meta":{},"tags":[]},{"ancestorTitles":["classifyProviderFailure (provider-agnostic)"],"fullName":"classifyProviderFailure (provider-agnostic) does not demote on DNS / connectivity failure","status":"passed","title":"does not demote on DNS / connectivity failure","duration":1.7252999999998337,"failureMessages":[],"meta":{},"tags":[]},{"ancestorTitles":["classifyProviderFailure (provider-agnostic)"],"fullName":"classifyProviderFailure (provider-agnostic) does not demote on HTTP 429","status":"passed","title":"does not demote on HTTP 429","duration":1.292699999999968,"failureMessages":[],"meta":{},"tags":[]},{"ancestorTitles":["classifyProviderFailure (provider-agnostic)"],"fullName":"classifyProviderFailure (provider-agnostic) does not demote on HTTP 500/502/503","status":"passed","title":"does not demote on HTTP 500/502/503","duration":1.694300000000112,"failureMessages":[],"meta":{},"tags":[]},{"ancestorTitles":["classifyProviderFailure (provider-agnostic)"],"fullName":"classifyProviderFailure (provider-agnostic) does not demote on WebSocket disconnect","status":"passed","title":"does not demote on WebSocket disconnect","duration":1.161200000000008,"failureMessages":[],"meta":{},"tags":[]},{"ancestorTitles":["classifyProviderFailure (provider-agnostic)"],"fullName":"classifyProviderFailure (provider-agnostic) does not demote on generic fail/invalid/denied text","status":"passed","title":"does not demote on generic fail/invalid/denied text","duration":2.805499999999938,"failureMessages":[],"meta":{},"tags":[]},{"ancestorTitles":["classifyProviderFailure (provider-agnostic)"],"fullName":"classifyProviderFailure (provider-agnostic) does not demote ambiguous HTTP 401 without session language","status":"passed","title":"does not demote ambiguous HTTP 401 without session language","duration":2.0634000000000015,"failureMessages":[],"meta":{},"tags":[]},{"ancestorTitles":["classifyProviderFailure (provider-agnostic)"],"fullName":"classifyProviderFailure (provider-agnostic) does not demote permission/scope HTTP 403","status":"passed","title":"does not demote permission/scope HTTP 403","duration":1.5715000000000146,"failureMessages":[],"meta":{},"tags":[]},{"ancestorTitles":["classifyProviderFailure (provider-agnostic)"],"fullName":"classifyProviderFailure (provider-agnostic) demotes on explicit invalid session message","status":"passed","title":"demotes on explicit invalid session message","duration":1.2800999999999476,"failureMessages":[],"meta":{},"tags":[]},{"ancestorTitles":["classifyProviderFailure (provider-agnostic)"],"fullName":"classifyProviderFailure (provider-agnostic) demotes on confirmed credential invalid flag","status":"passed","title":"demotes on confirmed credential invalid flag","duration":3.3493000000000848,"failureMessages":[],"meta":{},"tags":[]},{"ancestorTitles":["classifyProviderFailure (provider-agnostic)"],"fullName":"classifyProviderFailure (provider-agnostic) revokes on confirmedCredentialsRevoked","status":"passed","title":"revokes on confirmedCredentialsRevoked","duration":0.8739999999997963,"failureMessages":[],"meta":{},"tags":[]},{"ancestorTitles":["Shoonya / Kite confirmed invalid helpers"],"fullName":"Shoonya / Kite confirmed invalid helpers Shoonya requires explicit session/token phrases","status":"passed","title":"Shoonya requires explicit session/token phrases","duration":1.4166999999999916,"failureMessages":[],"meta":{},"tags":[]},{"ancestorTitles":["Shoonya / Kite confirmed invalid helpers"],"fullName":"Shoonya / Kite confirmed invalid helpers Kite TokenException is confirmed invalid","status":"passed","title":"Kite TokenException is confirmed invalid","duration":0.9716000000000804,"failureMessages":[],"meta":{},"tags":[]},{"ancestorTitles":["credential usability + effective status"],"fullName":"credential usability + effective status past token expiry makes active unusable and effective expired","status":"passed","title":"past token expiry makes active unusable and effective expired","duration":1125.1208000000001,"failureMessages":[],"meta":{},"tags":[]},{"ancestorTitles":["credential usability + effective status"],"fullName":"credential usability + effective status future expiry + revoked remains unusable","status":"passed","title":"future expiry + revoked remains unusable","duration":0.8514000000000124,"failureMessages":[],"meta":{},"tags":[]},{"ancestorTitles":["credential usability + effective status"],"fullName":"credential usability + effective status future expiry + reauth_required remains unusable","status":"passed","title":"future expiry + reauth_required remains unusable","duration":1.3994000000002416,"failureMessages":[],"meta":{},"tags":[]},{"ancestorTitles":["credential usability + effective status"],"fullName":"credential usability + effective status future expiry + active is usable","status":"passed","title":"future expiry + active is usable","duration":0.6412000000000262,"failureMessages":[],"meta":{},"tags":[]},{"ancestorTitles":["credential usability + effective status"],"fullName":"credential usability + effective status no expiry + temporary failure context stays active-usable","status":"passed","title":"no expiry + temporary failure context stays active-usable","duration":0.488999999999578,"failureMessages":[],"meta":{},"tags":[]},{"ancestorTitles":["setCredentialStatus / expireCredentialIfPastExpiry"],"fullName":"setCredentialStatus / expireCredentialIfPastExpiry blocks expired write when token_expires_at is still future","status":"passed","title":"blocks expired write when token_expires_at is still future","duration":27.59310000000005,"failureMessages":[],"meta":{},"tags":[]},{"ancestorTitles":["setCredentialStatus / expireCredentialIfPastExpiry"],"fullName":"setCredentialStatus / expireCredentialIfPastExpiry allows expired when token_expires_at is past","status":"passed","title":"allows expired when token_expires_at is past","duration":97.15840000000026,"failureMessages":[],"meta":{},"tags":[]},{"ancestorTitles":["setCredentialStatus / expireCredentialIfPastExpiry"],"fullName":"setCredentialStatus / expireCredentialIfPastExpiry applyProviderFailure does not persist on timeout","status":"passed","title":"applyProviderFailure does not persist on timeout","duration":27.577299999999923,"failureMessages":[],"meta":{},"tags":[]},{"ancestorTitles":["setCredentialStatus / expireCredentialIfPastExpiry"],"fullName":"setCredentialStatus / expireCredentialIfPastExpiry applyProviderFailure persists reauth_required on confirmed invalid","status":"passed","title":"applyProviderFailure persists reauth_required on confirmed invalid","duration":70.88499999999976,"failureMessages":[],"meta":{},"tags":[]},{"ancestorTitles":["setCredentialStatus / expireCredentialIfPastExpiry"],"fullName":"setCredentialStatus / expireCredentialIfPastExpiry repairMisclassifiedExpired moves future-dated expired → reauth_required","status":"passed","title":"repairMisclassifiedExpired moves future-dated expired → reauth_required","duration":83.94430000000011,"failureMessages":[],"meta":{},"tags":[]},{"ancestorTitles":["broker stream helpers removed"],"fullName":"broker stream helpers removed connectionHelpers path is not part of the brokerProvider surface","status":"passed","title":"connectionHelpers path is not part of the brokerProvider surface","duration":217.23210000000017,"failureMessages":[],"meta":{},"tags":[]},{"ancestorTitles":["classifyStreamError narrowed"],"fullName":"classifyStreamError narrowed documents that broker stream classifiers were removed","status":"passed","title":"documents that broker stream classifiers were removed","duration":0.43990000000030705,"failureMessages":[],"meta":{},"tags":[]}],"startTime":1785944736395,"endTime":1785944738161.44,"status":"passed","message":"","name":"D:/api-update - Copy/src/__tests__/brokerCredentialStatus.vitest.ts"},{"assertionResults":[{"ancestorTitles":["broker token browser security (post-migration)"],"fullName":"broker token browser security (post-migration) data-source page does not embed Kite API secrets","status":"passed","title":"data-source page does not embed Kite API secrets","duration":7.417400000000043,"failureMessages":[],"meta":{},"tags":[]}],"startTime":1785944791184,"endTime":1785944791191.4175,"status":"passed","message":"","name":"D:/api-update - Copy/src/__tests__/brokerTokenBrowserSecurity.vitest.ts"},{"assertionResults":[{"ancestorTitles":["API cache policy classification"],"fullName":"API cache policy classification publishes explicit domain TTLs","status":"passed","title":"publishes explicit domain TTLs","duration":10.286000000000058,"failureMessages":[],"meta":{},"tags":[]},{"ancestorTitles":["API cache policy classification"],"fullName":"API cache policy classification classifies global/public GET /api/market/quote","status":"passed","title":"classifies global/public GET /api/market/quote","duration":1.9232999999999265,"failureMessages":[],"meta":{},"tags":[]},{"ancestorTitles":["API cache policy classification"],"fullName":"API cache policy classification classifies global/public GET /api/market","status":"passed","title":"classifies global/public GET /api/market","duration":0.7876000000001113,"failureMessages":[],"meta":{},"tags":[]},{"ancestorTitles":["API cache policy classification"],"fullName":"API cache policy classification classifies global/public GET /api/stocks/RELIANCE","status":"passed","title":"classifies global/public GET /api/stocks/RELIANCE","duration":0.7431000000001404,"failureMessages":[],"meta":{},"tags":[]},{"ancestorTitles":["API cache policy classification"],"fullName":"API cache policy classification classifies global/public GET /api/rankings","status":"passed","title":"classifies global/public GET /api/rankings","duration":0.8305999999997766,"failureMessages":[],"meta":{},"tags":[]},{"ancestorTitles":["API cache policy classification"],"fullName":"API cache policy classification classifies global/public GET /api/news","status":"passed","title":"classifies global/public GET /api/news","duration":0.6631000000002132,"failureMessages":[],"meta":{},"tags":[]},{"ancestorTitles":["API cache policy classification"],"fullName":"API cache policy classification classifies global/public GET /api/health","status":"passed","title":"classifies global/public GET /api/health","duration":0.8362999999999374,"failureMessages":[],"meta":{},"tags":[]},{"ancestorTitles":["API cache policy classification"],"fullName":"API cache policy classification classifies global/public GET /api/openapi","status":"passed","title":"classifies global/public GET /api/openapi","duration":0.6534999999998945,"failureMessages":[],"meta":{},"tags":[]},{"ancestorTitles":["API cache policy classification"],"fullName":"API cache policy classification requires user-scoped caching for /api/portfolio/overview","status":"passed","title":"requires user-scoped caching for /api/portfolio/overview","duration":1.3077000000002954,"failureMessages":[],"meta":{},"tags":[]},{"ancestorTitles":["API cache policy classification"],"fullName":"API cache policy classification requires user-scoped caching for /api/paper-trading/account","status":"passed","title":"requires user-scoped caching for /api/paper-trading/account","duration":1.796100000000024,"failureMessages":[],"meta":{},"tags":[]},{"ancestorTitles":["API cache policy classification"],"fullName":"API cache policy classification requires user-scoped caching for /api/watchlist","status":"passed","title":"requires user-scoped caching for /api/watchlist","duration":0.6673000000000684,"failureMessages":[],"meta":{},"tags":[]},{"ancestorTitles":["API cache policy classification"],"fullName":"API cache policy classification requires user-scoped caching for /api/user","status":"passed","title":"requires user-scoped caching for /api/user","duration":0.49519999999984066,"failureMessages":[],"meta":{},"tags":[]},{"ancestorTitles":["API cache policy classification"],"fullName":"API cache policy classification requires user-scoped caching for /api/subscription","status":"passed","title":"requires user-scoped caching for /api/subscription","duration":0.4594999999999345,"failureMessages":[],"meta":{},"tags":[]},{"ancestorTitles":["API cache policy classification"],"fullName":"API cache policy classification requires user-scoped caching for /api/signals","status":"passed","title":"requires user-scoped caching for /api/signals","duration":0.42499999999972715,"failureMessages":[],"meta":{},"tags":[]},{"ancestorTitles":["API cache policy classification"],"fullName":"API cache policy classification requires user-scoped caching for /api/trade-setups","status":"passed","title":"requires user-scoped caching for /api/trade-setups","duration":0.44869999999991705,"failureMessages":[],"meta":{},"tags":[]},{"ancestorTitles":["API cache policy classification"],"fullName":"API cache policy classification requires user-scoped caching for /api/dashboard","status":"passed","title":"requires user-scoped caching for /api/dashboard","duration":0.3894000000000233,"failureMessages":[],"meta":{},"tags":[]},{"ancestorTitles":["API cache policy classification"],"fullName":"API cache policy classification does not cache sensitive or mutating endpoint /api/auth/mfa POST","status":"passed","title":"does not cache sensitive or mutating endpoint /api/auth/mfa POST","duration":1.1041999999997643,"failureMessages":[],"meta":{},"tags":[]},{"ancestorTitles":["API cache policy classification"],"fullName":"API cache policy classification does not cache sensitive or mutating endpoint /api/kite/auth/callback GET","status":"passed","title":"does not cache sensitive or mutating endpoint /api/kite/auth/callback GET","duration":0.38779999999997017,"failureMessages":[],"meta":{},"tags":[]},{"ancestorTitles":["API cache policy classification"],"fullName":"API cache policy classification does not cache sensitive or mutating endpoint /api/brokers/shoonya/callback GET","status":"passed","title":"does not cache sensitive or mutating endpoint /api/brokers/shoonya/callback GET","duration":0.2603999999996631,"failureMessages":[],"meta":{},"tags":[]},{"ancestorTitles":["API cache policy classification"],"fullName":"API cache policy classification does not cache sensitive or mutating endpoint /api/broker/order POST","status":"passed","title":"does not cache sensitive or mutating endpoint /api/broker/order POST","duration":0.26559999999972206,"failureMessages":[],"meta":{},"tags":[]},{"ancestorTitles":["API cache policy classification"],"fullName":"API cache policy classification does not cache sensitive or mutating endpoint /api/live-trading/order POST","status":"passed","title":"does not cache sensitive or mutating endpoint /api/live-trading/order POST","duration":0.2359999999998763,"failureMessages":[],"meta":{},"tags":[]},{"ancestorTitles":["API cache policy classification"],"fullName":"API cache policy classification does not cache sensitive or mutating endpoint /api/broker/kill-switch POST","status":"passed","title":"does not cache sensitive or mutating endpoint /api/broker/kill-switch POST","duration":0.38449999999966167,"failureMessages":[],"meta":{},"tags":[]},{"ancestorTitles":["API cache policy classification"],"fullName":"API cache policy classification does not cache sensitive or mutating endpoint /api/wallet/recharge POST","status":"passed","title":"does not cache sensitive or mutating endpoint /api/wallet/recharge POST","duration":0.427599999999984,"failureMessages":[],"meta":{},"tags":[]},{"ancestorTitles":["API cache policy classification"],"fullName":"API cache policy classification does not cache sensitive or mutating endpoint /api/billing/upgrade POST","status":"passed","title":"does not cache sensitive or mutating endpoint /api/billing/upgrade POST","duration":0.46090000000003783,"failureMessages":[],"meta":{},"tags":[]},{"ancestorTitles":["API cache policy classification"],"fullName":"API cache policy classification does not cache sensitive or mutating endpoint /api/admin/recompute POST","status":"passed","title":"does not cache sensitive or mutating endpoint /api/admin/recompute POST","duration":0.4301999999997861,"failureMessages":[],"meta":{},"tags":[]},{"ancestorTitles":["API cache policy classification"],"fullName":"API cache policy classification denies POST mutation responses without an explicit exception","status":"passed","title":"denies POST mutation responses without an explicit exception","duration":0.8368999999997868,"failureMessages":[],"meta":{},"tags":[]},{"ancestorTitles":["API cache policy classification"],"fullName":"API cache policy classification denies PUT mutation responses without an explicit exception","status":"passed","title":"denies PUT mutation responses without an explicit exception","duration":0.5338999999999032,"failureMessages":[],"meta":{},"tags":[]},{"ancestorTitles":["API cache policy classification"],"fullName":"API cache policy classification denies PATCH mutation responses without an explicit exception","status":"passed","title":"denies PATCH mutation responses without an explicit exception","duration":0.463799999999992,"failureMessages":[],"meta":{},"tags":[]},{"ancestorTitles":["API cache policy classification"],"fullName":"API cache policy classification denies DELETE mutation responses without an explicit exception","status":"passed","title":"denies DELETE mutation responses without an explicit exception","duration":0.39409999999998035,"failureMessages":[],"meta":{},"tags":[]},{"ancestorTitles":["API cache policy classification"],"fullName":"API cache policy classification has no unproven cacheable POST calculations","status":"passed","title":"has no unproven cacheable POST calculations","duration":1.2093999999997322,"failureMessages":[],"meta":{},"tags":[]},{"ancestorTitles":["API cache policy classification"],"fullName":"API cache policy classification defaults unclassified reads to no-store","status":"passed","title":"defaults unclassified reads to no-store","duration":0.6359000000002197,"failureMessages":[],"meta":{},"tags":[]}],"startTime":1785944767027,"endTime":1785944767059.636,"status":"passed","message":"","name":"D:/api-update - Copy/src/__tests__/cacheClassification.vitest.ts"},{"assertionResults":[{"ancestorTitles":["cache invalidation"],"fullName":"cache invalidation documents every supported mutation domain","status":"passed","title":"documents every supported mutation domain","duration":7.716499999999996,"failureMessages":[],"meta":{},"tags":[]},{"ancestorTitles":["cache invalidation"],"fullName":"cache invalidation invalidates all signal-dependent read domains","status":"passed","title":"invalidates all signal-dependent read domains","duration":3.9180999999998676,"failureMessages":[],"meta":{},"tags":[]},{"ancestorTitles":["cache invalidation"],"fullName":"cache invalidation uses opaque user-scoped patterns and matches exact summaries","status":"passed","title":"uses opaque user-scoped patterns and matches exact summaries","duration":5.987700000000132,"failureMessages":[],"meta":{},"tags":[]},{"ancestorTitles":["cache invalidation"],"fullName":"cache invalidation never uses database-wide Redis flush commands","status":"passed","title":"never uses database-wide Redis flush commands","duration":2.0416999999999916,"failureMessages":[],"meta":{},"tags":[]}],"startTime":1785944781118,"endTime":1785944781138.0417,"status":"passed","message":"","name":"D:/api-update - Copy/src/__tests__/cacheInvalidation.vitest.ts"},{"assertionResults":[{"ancestorTitles":["central cache service"],"fullName":"central cache service builds environment-prefixed, versioned and scoped keys","status":"passed","title":"builds environment-prefixed, versioned and scoped keys","duration":14.716499999999996,"failureMessages":[],"meta":{},"tags":[]},{"ancestorTitles":["central cache service"],"fullName":"central cache service rejects secrets and token-like values in keys","status":"passed","title":"rejects secrets and token-like values in keys","duration":3.9692000000000007,"failureMessages":[],"meta":{},"tags":[]},{"ancestorTitles":["central cache service"],"fullName":"central cache service round-trips JSON through the centralized envelope","status":"passed","title":"round-trips JSON through the centralized envelope","duration":19.382299999999987,"failureMessages":[],"meta":{},"tags":[]},{"ancestorTitles":["central cache service"],"fullName":"central cache service returns a cache hit without calling the loader","status":"passed","title":"returns a cache hit without calling the loader","duration":6.25220000000013,"failureMessages":[],"meta":{},"tags":[]},{"ancestorTitles":["central cache service"],"fullName":"central cache service loads and caches a cache miss","status":"passed","title":"loads and caches a cache miss","duration":4.092399999999998,"failureMessages":[],"meta":{},"tags":[]},{"ancestorTitles":["central cache service"],"fullName":"central cache service treats an expired envelope as a miss","status":"passed","title":"treats an expired envelope as a miss","duration":23.56510000000003,"failureMessages":[],"meta":{},"tags":[]},{"ancestorTitles":["central cache service"],"fullName":"central cache service treats malformed or unparseable cache payloads as a miss","status":"passed","title":"treats malformed or unparseable cache payloads as a miss","duration":2.5413999999998396,"failureMessages":[],"meta":{},"tags":[]},{"ancestorTitles":["central cache service"],"fullName":"central cache service coalesces concurrent misses into one loader call","status":"passed","title":"coalesces concurrent misses into one loader call","duration":65.19510000000014,"failureMessages":[],"meta":{},"tags":[]},{"ancestorTitles":["central cache service"],"fullName":"central cache service serves stale data while one background refresh runs","status":"passed","title":"serves stale data while one background refresh runs","duration":4.40930000000003,"failureMessages":[],"meta":{},"tags":[]},{"ancestorTitles":["central cache service"],"fullName":"central cache service falls back to the loader when Redis reads fail","status":"passed","title":"falls back to the loader when Redis reads fail","duration":8.29060000000004,"failureMessages":[],"meta":{},"tags":[]},{"ancestorTitles":["central cache service"],"fullName":"central cache service returns loaded data when the Redis write fails","status":"passed","title":"returns loaded data when the Redis write fails","duration":1.8544999999999163,"failureMessages":[],"meta":{},"tags":[]},{"ancestorTitles":["central cache service"],"fullName":"central cache service isolates cached values between users","status":"passed","title":"isolates cached values between users","duration":2.480600000000095,"failureMessages":[],"meta":{},"tags":[]},{"ancestorTitles":["central cache service"],"fullName":"central cache service does not place raw user identifiers or secrets in keys or cache logs","status":"passed","title":"does not place raw user identifiers or secrets in keys or cache logs","duration":3.460399999999936,"failureMessages":[],"meta":{},"tags":[]},{"ancestorTitles":["central cache service"],"fullName":"central cache service supports pattern invalidation","status":"passed","title":"supports pattern invalidation","duration":1.8877999999999702,"failureMessages":[],"meta":{},"tags":[]}],"startTime":1785944743075,"endTime":1785944743238.8877,"status":"passed","message":"","name":"D:/api-update - Copy/src/__tests__/cacheService.vitest.ts"},{"assertionResults":[{"ancestorTitles":["candle ingest provider gate"],"fullName":"candle ingest provider gate accepts IndianAPI-only historical candle configuration without a broker","status":"passed","title":"accepts IndianAPI-only historical candle configuration without a broker","duration":8.05970000000002,"failureMessages":[],"meta":{},"tags":[]}],"startTime":1785944786452,"endTime":1785944786460.0598,"status":"passed","message":"","name":"D:/api-update - Copy/src/__tests__/candleProviderResolution.vitest.ts"},{"assertionResults":[{"ancestorTitles":["phase11Serialization.fromDbRow — classification fallback"],"fullName":"phase11Serialization.fromDbRow — classification fallback NULL classification + NULL final_score does NOT fall back to NO_TRADE","status":"passed","title":"NULL classification + NULL final_score does NOT fall back to NO_TRADE","duration":10.665899999999965,"failureMessages":[],"meta":{},"tags":[]},{"ancestorTitles":["phase11Serialization.fromDbRow — classification fallback"],"fullName":"phase11Serialization.fromDbRow — classification fallback NULL classification + final_score=0 does NOT fall back to NO_TRADE","status":"passed","title":"NULL classification + final_score=0 does NOT fall back to NO_TRADE","duration":1.6075000000000728,"failureMessages":[],"meta":{},"tags":[]},{"ancestorTitles":["phase11Serialization.fromDbRow — classification fallback"],"fullName":"phase11Serialization.fromDbRow — classification fallback NULL classification + final_score below 30 does NOT fall back to NO_TRADE","status":"passed","title":"NULL classification + final_score below 30 does NOT fall back to NO_TRADE","duration":1.0871999999999389,"failureMessages":[],"meta":{},"tags":[]},{"ancestorTitles":["phase11Serialization.fromDbRow — classification fallback"],"fullName":"phase11Serialization.fromDbRow — classification fallback NULL classification + non-finite final_score (NaN) does NOT poison with NO_TRADE","status":"passed","title":"NULL classification + non-finite final_score (NaN) does NOT poison with NO_TRADE","duration":0.9199000000000979,"failureMessages":[],"meta":{},"tags":[]},{"ancestorTitles":["phase11Serialization.fromDbRow — classification fallback"],"fullName":"phase11Serialization.fromDbRow — classification fallback explicit NO_TRADE classification IS preserved (engine decision wins)","status":"passed","title":"explicit NO_TRADE classification IS preserved (engine decision wins)","duration":0.8297000000000025,"failureMessages":[],"meta":{},"tags":[]},{"ancestorTitles":["phase11Serialization.fromDbRow — classification fallback"],"fullName":"phase11Serialization.fromDbRow — classification fallback high final_score still maps to its real bucket (regression guard)","status":"passed","title":"high final_score still maps to its real bucket (regression guard)","duration":1.2065000000000055,"failureMessages":[],"meta":{},"tags":[]}],"startTime":1785944782619,"endTime":1785944782636.2065,"status":"passed","message":"","name":"D:/api-update - Copy/src/__tests__/classificationFallbackNoTrade.vitest.ts"},{"assertionResults":[{"ancestorTitles":["ADANIPORTS NO_TRADE routing — closed-market loader"],"fullName":"ADANIPORTS NO_TRADE routing — closed-market loader main bundle.signals stays empty; ADANIPORTS surfaces as scanner candidate","status":"passed","title":"main bundle.signals stays empty; ADANIPORTS surfaces as scanner candidate","duration":916.5594999999998,"failureMessages":[],"meta":{},"tags":[]},{"ancestorTitles":["ADANIPORTS NO_TRADE routing — closed-market loader"],"fullName":"ADANIPORTS NO_TRADE routing — closed-market loader source-visibility envelope is present on every emitted row","status":"passed","title":"source-visibility envelope is present on every emitted row","duration":24.352899999999863,"failureMessages":[],"meta":{},"tags":[]},{"ancestorTitles":["ADANIPORTS NO_TRADE routing — closed-market loader"],"fullName":"ADANIPORTS NO_TRADE routing — closed-market loader Cycle 1 q365_signals row is NEVER promoted into main bundle.signals","status":"failed","title":"Cycle 1 q365_signals row is NEVER promoted into main bundle.signals","duration":153.74419999999964,"failureMessages":["AssertionError: expected [ { …(53) } ] to deeply equal []\n    at D:/api-update - Copy/src/__tests__/closedMarketAdaniRouting.vitest.ts:148:28\n    at processTicksAndRejections (node:internal/process/task_queues:104:5)\n    at file:///D:/api-update%20-%20Copy/node_modules/@vitest/runner/dist/chunk-artifact.js:1903:20"],"meta":{},"tags":[]},{"ancestorTitles":["ADANIPORTS NO_TRADE routing — closed-market loader"],"fullName":"ADANIPORTS NO_TRADE routing — closed-market loader staleness is enforced per-row (is_stale_candidate), not via a SQL filter","status":"failed","title":"staleness is enforced per-row (is_stale_candidate), not via a SQL filter","duration":38.39799999999968,"failureMessages":["AssertionError: expected undefined to be defined\n    at D:/api-update - Copy/src/__tests__/closedMarketAdaniRouting.vitest.ts:180:19\n    at processTicksAndRejections (node:internal/process/task_queues:104:5)\n    at file:///D:/api-update%20-%20Copy/node_modules/@vitest/runner/dist/chunk-artifact.js:1903:20"],"meta":{},"tags":[]},{"ancestorTitles":["ADANIPORTS NO_TRADE routing — closed-market loader"],"fullName":"ADANIPORTS NO_TRADE routing — closed-market loader SQL filter applies the expires_at + max-age guards","status":"passed","title":"SQL filter applies the expires_at + max-age guards","duration":18.198899999999867,"failureMessages":[],"meta":{},"tags":[]},{"ancestorTitles":["confirmed snapshot path — source visibility"],"fullName":"confirmed snapshot path — source visibility is_confirmed=true and is_trade_ready=true on a clean confirmed snapshot","status":"passed","title":"is_confirmed=true and is_trade_ready=true on a clean confirmed snapshot","duration":43.78979999999956,"failureMessages":[],"meta":{},"tags":[]}],"startTime":1785944725528,"endTime":1785944726724.7898,"status":"failed","message":"","name":"D:/api-update - Copy/src/__tests__/closedMarketAdaniRouting.vitest.ts"},{"assertionResults":[{"ancestorTitles":["dedupeOneSymbolOneSignal — §2"],"fullName":"dedupeOneSymbolOneSignal — §2 keeps higher final_score when BUY+SELL exist for the same symbol","status":"passed","title":"keeps higher final_score when BUY+SELL exist for the same symbol","duration":18.540100000000166,"failureMessages":[],"meta":{},"tags":[]},{"ancestorTitles":["dedupeOneSymbolOneSignal — §2"],"fullName":"dedupeOneSymbolOneSignal — §2 breaks ties on confidence then id","status":"passed","title":"breaks ties on confidence then id","duration":1.9252000000005864,"failureMessages":[],"meta":{},"tags":[]},{"ancestorTitles":["dedupeOneSymbolOneSignal — §2"],"fullName":"dedupeOneSymbolOneSignal — §2 preserves distinct symbols","status":"passed","title":"preserves distinct symbols","duration":10.216799999999239,"failureMessages":[],"meta":{},"tags":[]},{"ancestorTitles":["backfillBlankFields — §4"],"fullName":"backfillBlankFields — §4 fills risk_score from rr_ratio * 20 when null","status":"passed","title":"fills risk_score from rr_ratio * 20 when null","duration":1.3905000000004293,"failureMessages":[],"meta":{},"tags":[]},{"ancestorTitles":["backfillBlankFields — §4"],"fullName":"backfillBlankFields — §4 fills portfolio_fit_score from min(100, confidence+5) when null","status":"passed","title":"fills portfolio_fit_score from min(100, confidence+5) when null","duration":1.2874000000001615,"failureMessages":[],"meta":{},"tags":[]},{"ancestorTitles":["backfillBlankFields — §4"],"fullName":"backfillBlankFields — §4 fills stress_survival_score from 100 - confidence when null","status":"passed","title":"fills stress_survival_score from 100 - confidence when null","duration":3.166900000000169,"failureMessages":[],"meta":{},"tags":[]},{"ancestorTitles":["backfillBlankFields — §4"],"fullName":"backfillBlankFields — §4 does not overwrite existing values","status":"passed","title":"does not overwrite existing values","duration":3.4085000000004584,"failureMessages":[],"meta":{},"tags":[]},{"ancestorTitles":["backfillBlankFields — §4"],"fullName":"backfillBlankFields — §4 clamps to [0, 100]","status":"passed","title":"clamps to [0, 100]","duration":4.950600000000122,"failureMessages":[],"meta":{},"tags":[]},{"ancestorTitles":["backfillBlankFields — §4"],"fullName":"backfillBlankFields — §4 overwrites portfolio_fit_score = 0 with confidence-based value","status":"passed","title":"overwrites portfolio_fit_score = 0 with confidence-based value","duration":2.0265999999992346,"failureMessages":[],"meta":{},"tags":[]},{"ancestorTitles":["normalizeClassification — DATA-QUALITY §2"],"fullName":"normalizeClassification — DATA-QUALITY §2 buckets by final_score","status":"failed","title":"buckets by final_score","duration":61.584100000000035,"failureMessages":["AssertionError: expected 'VALID_SIGNAL' to be 'MEDIUM_CONVICTION' // Object.is equality\n    at D:/api-update - Copy/src/__tests__/closedMarketDedup.vitest.ts:115:41\n    at file:///D:/api-update%20-%20Copy/node_modules/@vitest/runner/dist/chunk-artifact.js:302:11\n    at file:///D:/api-update%20-%20Copy/node_modules/@vitest/runner/dist/chunk-artifact.js:1903:26\n    at file:///D:/api-update%20-%20Copy/node_modules/@vitest/runner/dist/chunk-artifact.js:2326:20\n    at new Promise (<anonymous>)\n    at runWithCancel (file:///D:/api-update%20-%20Copy/node_modules/@vitest/runner/dist/chunk-artifact.js:2323:10)\n    at file:///D:/api-update%20-%20Copy/node_modules/@vitest/runner/dist/chunk-artifact.js:2305:20\n    at new Promise (<anonymous>)\n    at runWithTimeout (file:///D:/api-update%20-%20Copy/node_modules/@vitest/runner/dist/chunk-artifact.js:2272:10)\n    at file:///D:/api-update%20-%20Copy/node_modules/@vitest/runner/dist/chunk-artifact.js:2955:64"],"meta":{},"tags":[]},{"ancestorTitles":["computeLivePChange — DATA-QUALITY §3"],"fullName":"computeLivePChange — DATA-QUALITY §3 computes the entry-relative percent move","status":"passed","title":"computes the entry-relative percent move","duration":0.9760000000005675,"failureMessages":[],"meta":{},"tags":[]},{"ancestorTitles":["computeLivePChange — DATA-QUALITY §3"],"fullName":"computeLivePChange — DATA-QUALITY §3 returns null for invalid inputs","status":"passed","title":"returns null for invalid inputs","duration":0.7233999999998559,"failureMessages":[],"meta":{},"tags":[]},{"ancestorTitles":["mainTableApproved — MAIN-TABLE-STRICT §6"],"fullName":"mainTableApproved — MAIN-TABLE-STRICT §6 accepts a fully matured snapshot row","status":"passed","title":"accepts a fully matured snapshot row","duration":23.27019999999993,"failureMessages":[],"meta":{},"tags":[]},{"ancestorTitles":["mainTableApproved — MAIN-TABLE-STRICT §6"],"fullName":"mainTableApproved — MAIN-TABLE-STRICT §6 rejects when maturity_score < 85","status":"failed","title":"rejects when maturity_score < 85","duration":11.381099999999606,"failureMessages":["AssertionError: expected true to be false // Object.is equality\n    at D:/api-update - Copy/src/__tests__/closedMarketDedup.vitest.ts:162:67\n    at processTicksAndRejections (node:internal/process/task_queues:104:5)\n    at file:///D:/api-update%20-%20Copy/node_modules/@vitest/runner/dist/chunk-artifact.js:1903:20"],"meta":{},"tags":[]},{"ancestorTitles":["mainTableApproved — MAIN-TABLE-STRICT §6"],"fullName":"mainTableApproved — MAIN-TABLE-STRICT §6 rejects when validation_cycles_passed < 3","status":"passed","title":"rejects when validation_cycles_passed < 3","duration":1.9947000000001935,"failureMessages":[],"meta":{},"tags":[]},{"ancestorTitles":["mainTableApproved — MAIN-TABLE-STRICT §6"],"fullName":"mainTableApproved — MAIN-TABLE-STRICT §6 rejects when stability_passed is false","status":"passed","title":"rejects when stability_passed is false","duration":3.295700000000579,"failureMessages":[],"meta":{},"tags":[]},{"ancestorTitles":["mainTableApproved — MAIN-TABLE-STRICT §6"],"fullName":"mainTableApproved — MAIN-TABLE-STRICT §6 rejects when expected_edge_percent <= 2","status":"failed","title":"rejects when expected_edge_percent <= 2","duration":1.7457000000003973,"failureMessages":["AssertionError: expected true to be false // Object.is equality\n    at D:/api-update - Copy/src/__tests__/closedMarketDedup.vitest.ts:177:73\n    at processTicksAndRejections (node:internal/process/task_queues:104:5)\n    at file:///D:/api-update%20-%20Copy/node_modules/@vitest/runner/dist/chunk-artifact.js:1903:20"],"meta":{},"tags":[]},{"ancestorTitles":["mainTableApproved — MAIN-TABLE-STRICT §6"],"fullName":"mainTableApproved — MAIN-TABLE-STRICT §6 rejects when rr_ratio < 2","status":"failed","title":"rejects when rr_ratio < 2","duration":2.72400000000016,"failureMessages":["AssertionError: expected true to be false // Object.is equality\n    at D:/api-update - Copy/src/__tests__/closedMarketDedup.vitest.ts:182:80\n    at processTicksAndRejections (node:internal/process/task_queues:104:5)\n    at file:///D:/api-update%20-%20Copy/node_modules/@vitest/runner/dist/chunk-artifact.js:1903:20"],"meta":{},"tags":[]},{"ancestorTitles":["mainTableApproved — MAIN-TABLE-STRICT §6"],"fullName":"mainTableApproved — MAIN-TABLE-STRICT §6 rejects when confidence_score < 75","status":"failed","title":"rejects when confidence_score < 75","duration":2.2768000000005486,"failureMessages":["AssertionError: expected true to be false // Object.is equality\n    at D:/api-update - Copy/src/__tests__/closedMarketDedup.vitest.ts:187:69\n    at processTicksAndRejections (node:internal/process/task_queues:104:5)\n    at file:///D:/api-update%20-%20Copy/node_modules/@vitest/runner/dist/chunk-artifact.js:1903:20"],"meta":{},"tags":[]},{"ancestorTitles":["mainTableApproved — MAIN-TABLE-STRICT §6"],"fullName":"mainTableApproved — MAIN-TABLE-STRICT §6 rejects when final_score < 70","status":"failed","title":"rejects when final_score < 70","duration":5.42030000000068,"failureMessages":["AssertionError: expected true to be false // Object.is equality\n    at D:/api-update - Copy/src/__tests__/closedMarketDedup.vitest.ts:192:64\n    at processTicksAndRejections (node:internal/process/task_queues:104:5)\n    at file:///D:/api-update%20-%20Copy/node_modules/@vitest/runner/dist/chunk-artifact.js:1903:20"],"meta":{},"tags":[]},{"ancestorTitles":["mainTableApproved — MAIN-TABLE-STRICT §6"],"fullName":"mainTableApproved — MAIN-TABLE-STRICT §6 rejects when tracker fields are NULL (no defaulting)","status":"passed","title":"rejects when tracker fields are NULL (no defaulting)","duration":1.5237999999999374,"failureMessages":[],"meta":{},"tags":[]},{"ancestorTitles":["mainTableApproved — MAIN-TABLE-STRICT §6"],"fullName":"mainTableApproved — MAIN-TABLE-STRICT §6 rejects when classification is NO_TRADE / DEVELOPING_SETUP / WATCHLIST_ONLY","status":"passed","title":"rejects when classification is NO_TRADE / DEVELOPING_SETUP / WATCHLIST_ONLY","duration":5.88339999999971,"failureMessages":[],"meta":{},"tags":[]},{"ancestorTitles":["relaxedMainTableApproved — SMART-RELAXED §2"],"fullName":"relaxedMainTableApproved — SMART-RELAXED §2 accepts a relaxed row that fails the strict gate","status":"passed","title":"accepts a relaxed row that fails the strict gate","duration":2.7502000000004045,"failureMessages":[],"meta":{},"tags":[]},{"ancestorTitles":["relaxedMainTableApproved — SMART-RELAXED §2"],"fullName":"relaxedMainTableApproved — SMART-RELAXED §2 rejects when classification is NO_TRADE (hard floor)","status":"passed","title":"rejects when classification is NO_TRADE (hard floor)","duration":1.019600000000537,"failureMessages":[],"meta":{},"tags":[]},{"ancestorTitles":["relaxedMainTableApproved — SMART-RELAXED §2"],"fullName":"relaxedMainTableApproved — SMART-RELAXED §2 rejects when confidence_score < 65","status":"failed","title":"rejects when confidence_score < 65","duration":2.0225000000000364,"failureMessages":["AssertionError: expected true to be false // Object.is equality\n    at D:/api-update - Copy/src/__tests__/closedMarketDedup.vitest.ts:240:76\n    at processTicksAndRejections (node:internal/process/task_queues:104:5)\n    at file:///D:/api-update%20-%20Copy/node_modules/@vitest/runner/dist/chunk-artifact.js:1903:20"],"meta":{},"tags":[]},{"ancestorTitles":["relaxedMainTableApproved — SMART-RELAXED §2"],"fullName":"relaxedMainTableApproved — SMART-RELAXED §2 rejects when rr_ratio < 1.5 (hard floor)","status":"passed","title":"rejects when rr_ratio < 1.5 (hard floor)","duration":0.6167000000004919,"failureMessages":[],"meta":{},"tags":[]},{"ancestorTitles":["relaxedMainTableApproved — SMART-RELAXED §2"],"fullName":"relaxedMainTableApproved — SMART-RELAXED §2 rejects when maturity < 65 or cycles < 1","status":"failed","title":"rejects when maturity < 65 or cycles < 1","duration":2.3702000000002954,"failureMessages":["AssertionError: expected true to be false // Object.is equality\n    at D:/api-update - Copy/src/__tests__/closedMarketDedup.vitest.ts:250:74\n    at processTicksAndRejections (node:internal/process/task_queues:104:5)\n    at file:///D:/api-update%20-%20Copy/node_modules/@vitest/runner/dist/chunk-artifact.js:1903:20"],"meta":{},"tags":[]},{"ancestorTitles":["relaxedMainTableApproved — SMART-RELAXED §2"],"fullName":"relaxedMainTableApproved — SMART-RELAXED §2 does NOT require stability_passed (unlike strict)","status":"passed","title":"does NOT require stability_passed (unlike strict)","duration":0.8181000000004133,"failureMessages":[],"meta":{},"tags":[]},{"ancestorTitles":["earlySignalApproved — SMART-RELAXED-EARLY (tier 3)"],"fullName":"earlySignalApproved — SMART-RELAXED-EARLY (tier 3) accepts a bootstrap row that fails BOTH strict and relaxed gates","status":"passed","title":"accepts a bootstrap row that fails BOTH strict and relaxed gates","duration":1.3233000000000175,"failureMessages":[],"meta":{},"tags":[]},{"ancestorTitles":["earlySignalApproved — SMART-RELAXED-EARLY (tier 3)"],"fullName":"earlySignalApproved — SMART-RELAXED-EARLY (tier 3) rejects when classification is NO_TRADE (hard floor)","status":"passed","title":"rejects when classification is NO_TRADE (hard floor)","duration":1.0722999999998137,"failureMessages":[],"meta":{},"tags":[]},{"ancestorTitles":["earlySignalApproved — SMART-RELAXED-EARLY (tier 3)"],"fullName":"earlySignalApproved — SMART-RELAXED-EARLY (tier 3) rejects when confidence_score < 60 (hard floor)","status":"failed","title":"rejects when confidence_score < 60 (hard floor)","duration":10.687399999999798,"failureMessages":["AssertionError: expected true to be false // Object.is equality\n    at D:/api-update - Copy/src/__tests__/closedMarketDedup.vitest.ts:296:73\n    at processTicksAndRejections (node:internal/process/task_queues:104:5)\n    at file:///D:/api-update%20-%20Copy/node_modules/@vitest/runner/dist/chunk-artifact.js:1903:20"],"meta":{},"tags":[]},{"ancestorTitles":["earlySignalApproved — SMART-RELAXED-EARLY (tier 3)"],"fullName":"earlySignalApproved — SMART-RELAXED-EARLY (tier 3) rejects when rr_ratio < 1.5 (hard floor)","status":"failed","title":"rejects when rr_ratio < 1.5 (hard floor)","duration":1.6840000000001965,"failureMessages":["AssertionError: expected true to be false // Object.is equality\n    at D:/api-update - Copy/src/__tests__/closedMarketDedup.vitest.ts:301:84\n    at processTicksAndRejections (node:internal/process/task_queues:104:5)\n    at file:///D:/api-update%20-%20Copy/node_modules/@vitest/runner/dist/chunk-artifact.js:1903:20"],"meta":{},"tags":[]},{"ancestorTitles":["earlySignalApproved — SMART-RELAXED-EARLY (tier 3)"],"fullName":"earlySignalApproved — SMART-RELAXED-EARLY (tier 3) rejects when final_score < 65","status":"failed","title":"rejects when final_score < 65","duration":3.234599999999773,"failureMessages":["AssertionError: expected true to be false // Object.is equality\n    at D:/api-update - Copy/src/__tests__/closedMarketDedup.vitest.ts:306:68\n    at processTicksAndRejections (node:internal/process/task_queues:104:5)\n    at file:///D:/api-update%20-%20Copy/node_modules/@vitest/runner/dist/chunk-artifact.js:1903:20"],"meta":{},"tags":[]},{"ancestorTitles":["earlySignalApproved — SMART-RELAXED-EARLY (tier 3)"],"fullName":"earlySignalApproved — SMART-RELAXED-EARLY (tier 3) does NOT require any tracker fields","status":"passed","title":"does NOT require any tracker fields","duration":1.123500000000604,"failureMessages":[],"meta":{},"tags":[]},{"ancestorTitles":["strictValidationFilter — DATA-QUALITY §4"],"fullName":"strictValidationFilter — DATA-QUALITY §4 keeps a clean row","status":"passed","title":"keeps a clean row","duration":9.463400000000547,"failureMessages":[],"meta":{},"tags":[]},{"ancestorTitles":["strictValidationFilter — DATA-QUALITY §4"],"fullName":"strictValidationFilter — DATA-QUALITY §4 drops missing entry / stop / target","status":"passed","title":"drops missing entry / stop / target","duration":2.172599999999875,"failureMessages":[],"meta":{},"tags":[]},{"ancestorTitles":["strictValidationFilter — DATA-QUALITY §4"],"fullName":"strictValidationFilter — DATA-QUALITY §4 drops rows below floors (conf < 60, final < 65, rr < 1.5)","status":"failed","title":"drops rows below floors (conf < 60, final < 65, rr < 1.5)","duration":14.317399999999907,"failureMessages":["AssertionError: expected [ { id: 1, symbol: 'X', …(37) }, …(2) ] to have a length of +0 but got 3\n    at Proxy.<anonymous> (file:///D:/api-update%20-%20Copy/node_modules/@vitest/expect/dist/index.js:1389:20)\n    at Proxy.<anonymous> (file:///D:/api-update%20-%20Copy/node_modules/@vitest/expect/dist/index.js:1156:15)\n    at Proxy.methodWrapper (file:///D:/api-update%20-%20Copy/node_modules/chai/index.js:1700:25)\n    at D:/api-update - Copy/src/__tests__/closedMarketDedup.vitest.ts:343:22\n    at file:///D:/api-update%20-%20Copy/node_modules/@vitest/runner/dist/chunk-artifact.js:302:11\n    at file:///D:/api-update%20-%20Copy/node_modules/@vitest/runner/dist/chunk-artifact.js:1903:26\n    at file:///D:/api-update%20-%20Copy/node_modules/@vitest/runner/dist/chunk-artifact.js:2326:20\n    at new Promise (<anonymous>)\n    at runWithCancel (file:///D:/api-update%20-%20Copy/node_modules/@vitest/runner/dist/chunk-artifact.js:2323:10)\n    at file:///D:/api-update%20-%20Copy/node_modules/@vitest/runner/dist/chunk-artifact.js:2305:20"],"meta":{},"tags":[]},{"ancestorTitles":["strictValidationFilter — DATA-QUALITY §4"],"fullName":"strictValidationFilter — DATA-QUALITY §4 drops legacy NO_TRADE rows","status":"passed","title":"drops legacy NO_TRADE rows","duration":1.8488999999999578,"failureMessages":[],"meta":{},"tags":[]}],"startTime":1785944727946,"endTime":1785944728192.8489,"status":"failed","message":"","name":"D:/api-update - Copy/src/__tests__/closedMarketDedup.vitest.ts"},{"assertionResults":[{"ancestorTitles":["closed-market freshness — scanner-batch probe wiring"],"fullName":"closed-market freshness — scanner-batch probe wiring imports probeScannerBatch + loadUniverseSize from freshnessService","status":"passed","title":"imports probeScannerBatch + loadUniverseSize from freshnessService","duration":5.783400000000029,"failureMessages":[],"meta":{},"tags":[]},{"ancestorTitles":["closed-market freshness — scanner-batch probe wiring"],"fullName":"closed-market freshness — scanner-batch probe wiring freshnessService exports probeScannerBatch + loadUniverseSize","status":"passed","title":"freshnessService exports probeScannerBatch + loadUniverseSize","duration":1.0270000000000437,"failureMessages":[],"meta":{},"tags":[]},{"ancestorTitles":["closed-market freshness — scanner-batch probe wiring"],"fullName":"closed-market freshness — scanner-batch probe wiring closed-market path calls probeScannerBatch and loadUniverseSize","status":"failed","title":"closed-market path calls probeScannerBatch and loadUniverseSize","duration":38.395500000000084,"failureMessages":["AssertionError: expected '/**\\r\\n * GET /api/signals\\r\\n *\\r\\n …' to match /await\\s+probeScannerBatch\\(\\s*\\{\\s*wi…/\n    at D:/api-update - Copy/src/__tests__/closedMarketFreshnessProbe.vitest.ts:35:19\n    at file:///D:/api-update%20-%20Copy/node_modules/@vitest/runner/dist/chunk-artifact.js:302:11\n    at file:///D:/api-update%20-%20Copy/node_modules/@vitest/runner/dist/chunk-artifact.js:1903:26\n    at file:///D:/api-update%20-%20Copy/node_modules/@vitest/runner/dist/chunk-artifact.js:2326:20\n    at new Promise (<anonymous>)\n    at runWithCancel (file:///D:/api-update%20-%20Copy/node_modules/@vitest/runner/dist/chunk-artifact.js:2323:10)\n    at file:///D:/api-update%20-%20Copy/node_modules/@vitest/runner/dist/chunk-artifact.js:2305:20\n    at new Promise (<anonymous>)\n    at runWithTimeout (file:///D:/api-update%20-%20Copy/node_modules/@vitest/runner/dist/chunk-artifact.js:2272:10)\n    at file:///D:/api-update%20-%20Copy/node_modules/@vitest/runner/dist/chunk-artifact.js:2955:64"],"meta":{},"tags":[]},{"ancestorTitles":["closed-market freshness — scanner-batch probe wiring"],"fullName":"closed-market freshness — scanner-batch probe wiring latest_batch_id is populated from the probe (no longer literal null)","status":"failed","title":"latest_batch_id is populated from the probe (no longer literal null)","duration":15.185300000000097,"failureMessages":["AssertionError: expected '/**\\r\\n * GET /api/signals\\r\\n *\\r\\n …' not to match /latest_batch_id:\\s*null/\n    at D:/api-update - Copy/src/__tests__/closedMarketFreshnessProbe.vitest.ts:41:23\n    at file:///D:/api-update%20-%20Copy/node_modules/@vitest/runner/dist/chunk-artifact.js:302:11\n    at file:///D:/api-update%20-%20Copy/node_modules/@vitest/runner/dist/chunk-artifact.js:1903:26\n    at file:///D:/api-update%20-%20Copy/node_modules/@vitest/runner/dist/chunk-artifact.js:2326:20\n    at new Promise (<anonymous>)\n    at runWithCancel (file:///D:/api-update%20-%20Copy/node_modules/@vitest/runner/dist/chunk-artifact.js:2323:10)\n    at file:///D:/api-update%20-%20Copy/node_modules/@vitest/runner/dist/chunk-artifact.js:2305:20\n    at new Promise (<anonymous>)\n    at runWithTimeout (file:///D:/api-update%20-%20Copy/node_modules/@vitest/runner/dist/chunk-artifact.js:2272:10)\n    at file:///D:/api-update%20-%20Copy/node_modules/@vitest/runner/dist/chunk-artifact.js:2955:64"],"meta":{},"tags":[]},{"ancestorTitles":["closed-market freshness — scanner-batch probe wiring"],"fullName":"closed-market freshness — scanner-batch probe wiring latest_batch_engine_kind comes from the probe","status":"passed","title":"latest_batch_engine_kind comes from the probe","duration":1.4977999999996428,"failureMessages":[],"meta":{},"tags":[]},{"ancestorTitles":["closed-market freshness — scanner-batch probe wiring"],"fullName":"closed-market freshness — scanner-batch probe wiring persistence_percent / scan_coverage_percent come from the computed pct","status":"passed","title":"persistence_percent / scan_coverage_percent come from the computed pct","duration":1.4261999999998807,"failureMessages":[],"meta":{},"tags":[]},{"ancestorTitles":["closed-market freshness — scanner-batch probe wiring"],"fullName":"closed-market freshness — scanner-batch probe wiring universe_size comes from loadUniverseSize (not null)","status":"passed","title":"universe_size comes from loadUniverseSize (not null)","duration":1.0221000000001368,"failureMessages":[],"meta":{},"tags":[]},{"ancestorTitles":["closed-market freshness — scanner-batch probe wiring"],"fullName":"closed-market freshness — scanner-batch probe wiring probe failures fall back gracefully without breaking the response","status":"passed","title":"probe failures fall back gracefully without breaking the response","duration":1.1588999999999032,"failureMessages":[],"meta":{},"tags":[]},{"ancestorTitles":["closed-market freshness — scanner-batch probe wiring"],"fullName":"closed-market freshness — scanner-batch probe wiring classifier recognizes the extended batch_id prefixes","status":"passed","title":"classifier recognizes the extended batch_id prefixes","duration":1.4997999999995955,"failureMessages":[],"meta":{},"tags":[]},{"ancestorTitles":["closed-market freshness — scanner-batch probe wiring"],"fullName":"closed-market freshness — scanner-batch probe wiring ScannerEngineKind union includes the new producer labels","status":"passed","title":"ScannerEngineKind union includes the new producer labels","duration":2.091599999999744,"failureMessages":[],"meta":{},"tags":[]},{"ancestorTitles":["closed-market freshness — scanner-batch probe wiring"],"fullName":"closed-market freshness — scanner-batch probe wiring closed-market path probes getTrackerCounts() instead of hardcoding zeros","status":"failed","title":"closed-market path probes getTrackerCounts() instead of hardcoding zeros","duration":9.607400000000325,"failureMessages":["AssertionError: expected '/**\\r\\n * GET /api/signals\\r\\n *\\r\\n …' to match /import\\s*\\{\\s*getTrackerCounts\\s*…/lib\\\n    at D:/api-update - Copy/src/__tests__/closedMarketFreshnessProbe.vitest.ts:80:19\n    at file:///D:/api-update%20-%20Copy/node_modules/@vitest/runner/dist/chunk-artifact.js:302:11\n    at file:///D:/api-update%20-%20Copy/node_modules/@vitest/runner/dist/chunk-artifact.js:1903:26\n    at file:///D:/api-update%20-%20Copy/node_modules/@vitest/runner/dist/chunk-artifact.js:2326:20\n    at new Promise (<anonymous>)\n    at runWithCancel (file:///D:/api-update%20-%20Copy/node_modules/@vitest/runner/dist/chunk-artifact.js:2323:10)\n    at file:///D:/api-update%20-%20Copy/node_modules/@vitest/runner/dist/chunk-artifact.js:2305:20\n    at new Promise (<anonymous>)\n    at runWithTimeout (file:///D:/api-update%20-%20Copy/node_modules/@vitest/runner/dist/chunk-artifact.js:2272:10)\n    at file:///D:/api-update%20-%20Copy/node_modules/@vitest/runner/dist/chunk-artifact.js:2955:64"],"meta":{},"tags":[]},{"ancestorTitles":["closed-market freshness — scanner-batch probe wiring"],"fullName":"closed-market freshness — scanner-batch probe wiring does NOT emit the legacy hardcoded zero block for tracker_counts","status":"passed","title":"does NOT emit the legacy hardcoded zero block for tracker_counts","duration":1.3011999999998807,"failureMessages":[],"meta":{},"tags":[]}],"startTime":1785944728393,"endTime":1785944728474.3013,"status":"failed","message":"","name":"D:/api-update - Copy/src/__tests__/closedMarketFreshnessProbe.vitest.ts"},{"assertionResults":[{"ancestorTitles":["Phase-3 q365 → main table bridge"],"fullName":"Phase-3 q365 → main table bridge execution-ready when early/scanner tags are cleared","status":"passed","title":"execution-ready when early/scanner tags are cleared","duration":7.996399999999994,"failureMessages":[],"meta":{},"tags":[]},{"ancestorTitles":["Phase-3 q365 → main table bridge"],"fullName":"Phase-3 q365 → main table bridge is_relaxed tag routes row away from APPROVED (regression)","status":"passed","title":"is_relaxed tag routes row away from APPROVED (regression)","duration":1.7413000000000238,"failureMessages":[],"meta":{},"tags":[]},{"ancestorTitles":["Phase-3 q365 → main table bridge"],"fullName":"Phase-3 q365 → main table bridge NO_TRADE classification is excluded from main table candidacy","status":"passed","title":"NO_TRADE classification is excluded from main table candidacy","duration":0.6070000000000846,"failureMessages":[],"meta":{},"tags":[]}],"startTime":1785944785239,"endTime":1785944785249.607,"status":"passed","message":"","name":"D:/api-update - Copy/src/__tests__/closedMarketPhase3Bridge.vitest.ts"},{"assertionResults":[{"ancestorTitles":["marketSessionService"],"fullName":"marketSessionService marks weekend as weekend (Asia/Kolkata)","status":"passed","title":"marks weekend as weekend (Asia/Kolkata)","duration":11.12480000000005,"failureMessages":[],"meta":{},"tags":[]},{"ancestorTitles":["marketSessionService"],"fullName":"marketSessionService marks a weekday mid-session as open","status":"passed","title":"marks a weekday mid-session as open","duration":1.4757999999999356,"failureMessages":[],"meta":{},"tags":[]},{"ancestorTitles":["marketSessionService"],"fullName":"marketSessionService marks post-close weekday as closed","status":"passed","title":"marks post-close weekday as closed","duration":1.3314000000000306,"failureMessages":[],"meta":{},"tags":[]},{"ancestorTitles":["marketSessionService"],"fullName":"marketSessionService classifies broker+closed as closed_market, not error","status":"passed","title":"classifies broker+closed as closed_market, not error","duration":0.9571000000000822,"failureMessages":[],"meta":{},"tags":[]},{"ancestorTitles":["marketSessionService"],"fullName":"marketSessionService classifies broker+open+no tick as connected_no_data","status":"passed","title":"classifies broker+open+no tick as connected_no_data","duration":3.1240999999999985,"failureMessages":[],"meta":{},"tags":[]},{"ancestorTitles":["signalResponseSource fallback"],"fullName":"signalResponseSource fallback maps persisted signals ahead of historical snapshot","status":"passed","title":"maps persisted signals ahead of historical snapshot","duration":0.94399999999996,"failureMessages":[],"meta":{},"tags":[]},{"ancestorTitles":["signalResponseSource fallback"],"fullName":"signalResponseSource fallback maps snapshot-only to historical","status":"passed","title":"maps snapshot-only to historical","duration":0.6548999999999978,"failureMessages":[],"meta":{},"tags":[]},{"ancestorTitles":["signalResponseSource fallback"],"fullName":"signalResponseSource fallback returns none only when nothing exists","status":"passed","title":"returns none only when nothing exists","duration":0.61200000000008,"failureMessages":[],"meta":{},"tags":[]},{"ancestorTitles":["signalResponseSource fallback"],"fullName":"signalResponseSource fallback builds stale metadata for closed persisted signals","status":"passed","title":"builds stale metadata for closed persisted signals","duration":1.978800000000092,"failureMessages":[],"meta":{},"tags":[]},{"ancestorTitles":["signalResponseSource fallback"],"fullName":"signalResponseSource fallback selects high_potential when approved empty","status":"passed","title":"selects high_potential when approved empty","duration":3.2549999999998818,"failureMessages":[],"meta":{},"tags":[]},{"ancestorTitles":["signalResponseSource fallback"],"fullName":"signalResponseSource fallback hasUsableClosedSignalTiers is true when only scanner exists","status":"passed","title":"hasUsableClosedSignalTiers is true when only scanner exists","duration":1.5480999999999767,"failureMessages":[],"meta":{},"tags":[]},{"ancestorTitles":["filterDisplayableApproved historical mode"],"fullName":"filterDisplayableApproved historical mode hides relaxed rows in live mode","status":"passed","title":"hides relaxed rows in live mode","duration":2.766900000000078,"failureMessages":[],"meta":{},"tags":[]},{"ancestorTitles":["filterDisplayableApproved historical mode"],"fullName":"filterDisplayableApproved historical mode keeps relaxed/conditional rows when allowHistorical","status":"passed","title":"keeps relaxed/conditional rows when allowHistorical","duration":2.8561999999999443,"failureMessages":[],"meta":{},"tags":[]}],"startTime":1785944770186,"endTime":1785944770220.8562,"status":"passed","message":"","name":"D:/api-update - Copy/src/__tests__/closedMarketSignalFallback.vitest.ts"},{"assertionResults":[{"ancestorTitles":["closedMarketSignals — expiry guard on q365_signals fallback"],"fullName":"closedMarketSignals — expiry guard on q365_signals fallback strict tier filters out rows past their expires_at","status":"passed","title":"strict tier filters out rows past their expires_at","duration":5.5680999999999585,"failureMessages":[],"meta":{},"tags":[]},{"ancestorTitles":["closedMarketSignals — expiry guard on q365_signals fallback"],"fullName":"closedMarketSignals — expiry guard on q365_signals fallback strict + relaxed tier both apply a generated_at age cutoff","status":"passed","title":"strict + relaxed tier both apply a generated_at age cutoff","duration":1.6012000000000626,"failureMessages":[],"meta":{},"tags":[]},{"ancestorTitles":["closedMarketSignals — expiry guard on q365_signals fallback"],"fullName":"closedMarketSignals — expiry guard on q365_signals fallback exposes a configurable max-age helper with a 72h default (covers weekend Friday→Monday)","status":"passed","title":"exposes a configurable max-age helper with a 72h default (covers weekend Friday→Monday)","duration":0.8799000000003616,"failureMessages":[],"meta":{},"tags":[]},{"ancestorTitles":["closedMarketSignals — expiry guard on q365_signals fallback"],"fullName":"closedMarketSignals — expiry guard on q365_signals fallback clamps the max-age helper to a sane window (1h..168h)","status":"passed","title":"clamps the max-age helper to a sane window (1h..168h)","duration":0.6534999999998945,"failureMessages":[],"meta":{},"tags":[]},{"ancestorTitles":["closedMarketSignals — source_kind discriminator"],"fullName":"closedMarketSignals — source_kind discriminator exports the ClosedSignalSourceKind union","status":"passed","title":"exports the ClosedSignalSourceKind union","duration":1.5717999999997119,"failureMessages":[],"meta":{},"tags":[]},{"ancestorTitles":["closedMarketSignals — source_kind discriminator"],"
[...]
[{"ancestorTitles":["signalSchedulePolicy"],"fullName":"signalSchedulePolicy defaults optional full scans and auto-recovery to disabled","status":"passed","title":"defaults optional full scans and auto-recovery to disabled","duration":9.23739999999998,"failureMessages":[],"meta":{},"tags":[]},{"ancestorTitles":["signalSchedulePolicy"],"fullName":"signalSchedulePolicy defines controlled IST cron defaults","status":"passed","title":"defines controlled IST cron defaults","duration":1.7547999999997046,"failureMessages":[],"meta":{},"tags":[]},{"ancestorTitles":["nseUniverseRanker"],"fullName":"nseUniverseRanker ranks higher traded value and completeness above thin symbols","status":"passed","title":"ranks higher traded value and completeness above thin symbols","duration":0.8166999999998552,"failureMessages":[],"meta":{},"tags":[]}],"startTime":1785944787456,"endTime":1785944787468.8167,"status":"passed","message":"","name":"D:/api-update - Copy/src/lib/signal-engine/schedule/signalSchedulePolicy.vitest.ts"},{"assertionResults":[{"ancestorTitles":["phase4FactorAdapter normalization"],"fullName":"phase4FactorAdapter normalization normalizeScore maps raw component max to 0-100","status":"passed","title":"normalizeScore maps raw component max to 0-100","duration":6.2659000000001015,"failureMessages":[],"meta":{},"tags":[]},{"ancestorTitles":["phase4FactorAdapter normalization"],"fullName":"phase4FactorAdapter normalization normalizeConfidenceBreakdownForPhase4 uses confidenceScorer maxima","status":"passed","title":"normalizeConfidenceBreakdownForPhase4 uses confidenceScorer maxima","duration":1.2894999999998618,"failureMessages":[],"meta":{},"tags":[]},{"ancestorTitles":["phase4FactorAdapter normalization"],"fullName":"phase4FactorAdapter normalization produces higher final_score with normalized components vs raw","status":"passed","title":"produces higher final_score with normalized components vs raw","duration":4.132599999999911,"failureMessages":[],"meta":{},"tags":[]}],"startTime":1785944782575,"endTime":1785944782586.1326,"status":"passed","message":"","name":"D:/api-update - Copy/src/lib/signal-engine/scoring/phase4FactorAdapter.vitest.ts"},{"assertionResults":[{"ancestorTitles":["strategyModePolicy overrides (Phase 2)"],"fullName":"strategyModePolicy overrides (Phase 2) applies explicit override argument over registry default","status":"passed","title":"applies explicit override argument over registry default","duration":6.8034999999999854,"failureMessages":[],"meta":{},"tags":[]},{"ancestorTitles":["strategyModePolicy overrides (Phase 2)"],"fullName":"strategyModePolicy overrides (Phase 2) applies runtime override resolver","status":"passed","title":"applies runtime override resolver","duration":2.6551000000000613,"failureMessages":[],"meta":{},"tags":[]},{"ancestorTitles":["strategyModePolicy overrides (Phase 2)"],"fullName":"strategyModePolicy overrides (Phase 2) admin WATCHLIST_ONLY override is not reopened by score-gating","status":"passed","title":"admin WATCHLIST_ONLY override is not reopened by score-gating","duration":1.1091000000000122,"failureMessages":[],"meta":{},"tags":[]}],"startTime":1785944788794,"endTime":1785944788804.1091,"status":"passed","message":"","name":"D:/api-update - Copy/src/lib/signal-engine/strategies/strategyModePolicy.overrides.vitest.ts"},{"assertionResults":[{"ancestorTitles":["strategyModePolicy"],"fullName":"strategyModePolicy assigns strategyMode to every registry entry","status":"passed","title":"assigns strategyMode to every registry entry","duration":7.282400000000052,"failureMessages":[],"meta":{},"tags":[]},{"ancestorTitles":["strategyModePolicy"],"fullName":"strategyModePolicy CONFIRMED_ENABLED strategies may produce confirmed signals","status":"passed","title":"CONFIRMED_ENABLED strategies may produce confirmed signals","duration":6.573899999999867,"failureMessages":[],"meta":{},"tags":[]},{"ancestorTitles":["strategyModePolicy"],"fullName":"strategyModePolicy WATCHLIST_ONLY strategies cannot produce confirmed signals","status":"passed","title":"WATCHLIST_ONLY strategies cannot produce confirmed signals","duration":1.856999999999971,"failureMessages":[],"meta":{},"tags":[]},{"ancestorTitles":["strategyModePolicy"],"fullName":"strategyModePolicy DISABLED intraday strategies cannot produce confirmed signals","status":"passed","title":"DISABLED intraday strategies cannot produce confirmed signals","duration":1.658100000000104,"failureMessages":[],"meta":{},"tags":[]},{"ancestorTitles":["strategyModePolicy"],"fullName":"strategyModePolicy ema_crossover is score-gated between CONFIRMED_ENABLED and WATCHLIST_ONLY","status":"passed","title":"ema_crossover is score-gated between CONFIRMED_ENABLED and WATCHLIST_ONLY","duration":1.3195000000000618,"failureMessages":[],"meta":{},"tags":[]},{"ancestorTitles":["strategyModePolicy"],"fullName":"strategyModePolicy caps WATCHLIST_ONLY strategy classification to watchlist band","status":"passed","title":"caps WATCHLIST_ONLY strategy classification to watchlist band","duration":2.306100000000015,"failureMessages":[],"meta":{},"tags":[]},{"ancestorTitles":["strategyModePolicy"],"fullName":"strategyModePolicy leaves CONFIRMED_ENABLED strategies unchanged","status":"passed","title":"leaves CONFIRMED_ENABLED strategies unchanged","duration":1.994899999999916,"failureMessages":[],"meta":{},"tags":[]},{"ancestorTitles":["strategyModePolicy"],"fullName":"strategyModePolicy unknown strategy IDs default to CONFIRMED_ENABLED for backward compatibility","status":"passed","title":"unknown strategy IDs default to CONFIRMED_ENABLED for backward compatibility","duration":0.8161999999999807,"failureMessages":[],"meta":{},"tags":[]}],"startTime":1785944781121,"endTime":1785944781145.8162,"status":"passed","message":"","name":"D:/api-update - Copy/src/lib/signal-engine/strategies/strategyModePolicy.vitest.ts"},{"assertionResults":[{"ancestorTitles":["aiMath"],"fullName":"aiMath computes linear trend slope","status":"passed","title":"computes linear trend slope","duration":8.721500000000106,"failureMessages":[],"meta":{},"tags":[]},{"ancestorTitles":["aiMath"],"fullName":"aiMath clamps values","status":"passed","title":"clamps values","duration":1.551300000000083,"failureMessages":[],"meta":{},"tags":[]},{"ancestorTitles":["aiMath"],"fullName":"aiMath computes simulation metrics from rows","status":"passed","title":"computes simulation metrics from rows","duration":2.280999999999949,"failureMessages":[],"meta":{},"tags":[]},{"ancestorTitles":["predictiveEngine"],"fullName":"predictiveEngine classifies improving trend","status":"passed","title":"classifies improving trend","duration":2.4113000000002103,"failureMessages":[],"meta":{},"tags":[]},{"ancestorTitles":["predictiveEngine"],"fullName":"predictiveEngine falls back when no trend data","status":"passed","title":"falls back when no trend data","duration":0.953899999999976,"failureMessages":[],"meta":{},"tags":[]},{"ancestorTitles":["riskEngine"],"fullName":"riskEngine scores high drawdown as elevated risk","status":"passed","title":"scores high drawdown as elevated risk","duration":2.048000000000229,"failureMessages":[],"meta":{},"tags":[]},{"ancestorTitles":["anomalyDetector"],"fullName":"anomalyDetector detects win rate drop between recent and baseline","status":"passed","title":"detects win rate drop between recent and baseline","duration":7.503299999999854,"failureMessages":[],"meta":{},"tags":[]},{"ancestorTitles":["advisorEngine"],"fullName":"advisorEngine recommends regime restriction when worst regime underperforms","status":"passed","title":"recommends regime restriction when worst regime underperforms","duration":4.965599999999995,"failureMessages":[],"meta":{},"tags":[]},{"ancestorTitles":["optimizationSimulator"],"fullName":"optimizationSimulator never modifies production and reports delta","status":"passed","title":"never modifies production and reports delta","duration":2.40079999999989,"failureMessages":[],"meta":{},"tags":[]},{"ancestorTitles":["executiveSummaryBuilder"],"fullName":"executiveSummaryBuilder builds hub-level summary from snapshots","status":"passed","title":"builds hub-level summary from snapshots","duration":3.2247999999999593,"failureMessages":[],"meta":{},"tags":[]}],"startTime":1785944765275,"endTime":1785944765313.2249,"status":"passed","message":"","name":"D:/api-update - Copy/src/lib/strategy-hub/ai/ai.vitest.ts"},{"assertionResults":[{"ancestorTitles":["analytics risk metrics"],"fullName":"analytics risk metrics computes sharpe from return series","status":"passed","title":"computes sharpe from return series","duration":10.961499999999887,"failureMessages":[],"meta":{},"tags":[]},{"ancestorTitles":["analytics risk metrics"],"fullName":"analytics risk metrics returns null sharpe for insufficient data","status":"passed","title":"returns null sharpe for insufficient data","duration":0.8265000000001237,"failureMessages":[],"meta":{},"tags":[]},{"ancestorTitles":["analytics risk metrics"],"fullName":"analytics risk metrics scores higher consistency for stable returns","status":"passed","title":"scores higher consistency for stable returns","duration":1.2274999999999636,"failureMessages":[],"meta":{},"tags":[]},{"ancestorTitles":["analytics builders"],"fullName":"analytics builders builds regime analytics with best/worst","status":"passed","title":"builds regime analytics with best/worst","duration":4.289899999999761,"failureMessages":[],"meta":{},"tags":[]},{"ancestorTitles":["analytics builders"],"fullName":"analytics builders builds confidence distribution histogram","status":"passed","title":"builds confidence distribution histogram","duration":2.1860999999998967,"failureMessages":[],"meta":{},"tags":[]},{"ancestorTitles":["analytics builders"],"fullName":"analytics builders computes extended metrics","status":"passed","title":"computes extended metrics","duration":3.8400000000001455,"failureMessages":[],"meta":{},"tags":[]},{"ancestorTitles":["analytics cache"],"fullName":"analytics cache stores and retrieves cached payloads","status":"passed","title":"stores and retrieves cached payloads","duration":47.42080000000033,"failureMessages":[],"meta":{},"tags":[]}],"startTime":1785944755484,"endTime":1785944755556.421,"status":"passed","message":"","name":"D:/api-update - Copy/src/lib/strategy-hub/analytics/analytics.vitest.ts"},{"assertionResults":[{"ancestorTitles":["operations health summary"],"fullName":"operations health summary summarizes health counts","status":"passed","title":"summarizes health counts","duration":8.899800000000141,"failureMessages":[],"meta":{},"tags":[]},{"ancestorTitles":["operations cache"],"fullName":"operations cache caches and retrieves payloads","status":"passed","title":"caches and retrieves payloads","duration":3.4169999999999163,"failureMessages":[],"meta":{},"tags":[]},{"ancestorTitles":["operations cache"],"fullName":"operations cache detects market hours helper","status":"passed","title":"detects market hours helper","duration":99.4082999999996,"failureMessages":[],"meta":{},"tags":[]}],"startTime":1785944749285,"endTime":1785944749397.4082,"status":"passed","message":"","name":"D:/api-update - Copy/src/lib/strategy-hub/operations/operations.vitest.ts"},{"assertionResults":[{"ancestorTitles":["allocationEngine"],"fullName":"allocationEngine rejects over-allocation","status":"passed","title":"rejects over-allocation","duration":6.585700000000088,"failureMessages":[],"meta":{},"tags":[]},{"ancestorTitles":["allocationEngine"],"fullName":"allocationEngine rejects negative allocations","status":"passed","title":"rejects negative allocations","duration":1.174199999999928,"failureMessages":[],"meta":{},"tags":[]},{"ancestorTitles":["allocationEngine"],"fullName":"allocationEngine computes equal allocation","status":"passed","title":"computes equal allocation","duration":1.6745999999998276,"failureMessages":[],"meta":{},"tags":[]},{"ancestorTitles":["allocationEngine"],"fullName":"allocationEngine computes risk-weighted allocation favoring low risk","status":"passed","title":"computes risk-weighted allocation favoring low risk","duration":1.0069000000003143,"failureMessages":[],"meta":{},"tags":[]},{"ancestorTitles":["allocationEngine"],"fullName":"allocationEngine normalizes pct from amount","status":"passed","title":"normalizes pct from amount","duration":4.142499999999927,"failureMessages":[],"meta":{},"tags":[]},{"ancestorTitles":["portfolioMath"],"fullName":"portfolioMath computes HHI and diversification score","status":"passed","title":"computes HHI and diversification score","duration":1.0567000000000917,"failureMessages":[],"meta":{},"tags":[]},{"ancestorTitles":["portfolioMetrics"],"fullName":"portfolioMetrics builds KPIs from weighted contexts","status":"passed","title":"builds KPIs from weighted contexts","duration":48.14800000000014,"failureMessages":[],"meta":{},"tags":[]},{"ancestorTitles":["portfolioRiskEngine"],"fullName":"portfolioRiskEngine flags concentration risk","status":"passed","title":"flags concentration risk","duration":8.152700000000095,"failureMessages":[],"meta":{},"tags":[]},{"ancestorTitles":["portfolioRiskEngine"],"fullName":"portfolioRiskEngine flags over-allocation","status":"passed","title":"flags over-allocation","duration":2.957900000000336,"failureMessages":[],"meta":{},"tags":[]},{"ancestorTitles":["portfolioOptimizer"],"fullName":"portfolioOptimizer returns advisory optimization result","status":"passed","title":"returns advisory optimization result","duration":3.663100000000213,"failureMessages":[],"meta":{},"tags":[]},{"ancestorTitles":["portfolioSimulator"],"fullName":"portfolioSimulator never modifies production","status":"passed","title":"never modifies production","duration":2.8396999999999935,"failureMessages":[],"meta":{},"tags":[]},{"ancestorTitles":["diversificationAnalyzer"],"fullName":"diversificationAnalyzer builds sector buckets","status":"passed","title":"builds sector buckets","duration":3.006199999999808,"failureMessages":[],"meta":{},"tags":[]}],"startTime":1785944752598,"endTime":1785944752687.006,"status":"passed","message":"","name":"D:/api-update - Copy/src/lib/strategy-hub/portfolio/portfolio.vitest.ts"},{"assertionResults":[{"ancestorTitles":["paperTradingReadiness"],"fullName":"paperTradingReadiness marks featured strategies as paper ready when all required checks pass","status":"passed","title":"marks featured strategies as paper ready when all required checks pass","duration":6.677400000000034,"failureMessages":[],"meta":{},"tags":[]},{"ancestorTitles":["paperTradingReadiness"],"fullName":"paperTradingReadiness fails readiness when evaluator missing","status":"passed","title":"fails readiness when evaluator missing","duration":1.289199999999937,"failureMessages":[],"meta":{},"tags":[]},{"ancestorTitles":["paperTradingReadiness"],"fullName":"paperTradingReadiness uses staging status when evaluator exists but not active","status":"passed","title":"uses staging status when evaluator exists but not active","duration":0.8894000000000233,"failureMessages":[],"meta":{},"tags":[]},{"ancestorTitles":["paperTradingReadiness"],"fullName":"paperTradingReadiness returns disabled lifecycle when strategy mode is disabled","status":"passed","title":"returns disabled lifecycle when strategy mode is disabled","duration":0.9854000000000269,"failureMessages":[],"meta":{},"tags":[]}],"startTime":1785944787814,"endTime":1785944787823.9854,"status":"passed","message":"","name":"D:/api-update - Copy/src/lib/strategy-hub/services/paperTradingReadiness.vitest.ts"},{"assertionResults":[{"ancestorTitles":["strategyRegistryService"],"fullName":"strategyRegistryService exposes signal-engine registry as source of truth","status":"passed","title":"exposes signal-engine registry as source of truth","duration":6.563599999999951,"failureMessages":[],"meta":{},"tags":[]},{"ancestorTitles":["strategyRegistryService"],"fullName":"strategyRegistryService has at least 5 featured strategies for hub visibility","status":"passed","title":"has at least 5 featured strategies for hub visibility","duration":0.9302000000002408,"failureMessages":[],"meta":{},"tags":[]}],"startTime":1785944792022,"endTime":1785944792029.9302,"status":"passed","message":"","name":"D:/api-update - Copy/src/lib/strategy-hub/services/strategyRegistryService.vitest.ts"},{"assertionResults":[{"ancestorTitles":["regimeConfidence"],"fullName":"regimeConfidence boosts BUY confidence in bullish regime","status":"passed","title":"boosts BUY confidence in bullish regime","duration":6.210199999999986,"failureMessages":[],"meta":{},"tags":[]},{"ancestorTitles":["regimeConfidence"],"fullName":"regimeConfidence penalizes BUY in bearish regime","status":"passed","title":"penalizes BUY in bearish regime","duration":0.8440999999999121,"failureMessages":[],"meta":{},"tags":[]},{"ancestorTitles":["regimeConfidence"],"fullName":"regimeConfidence caps BUY confidence when bullish signals blocked","status":"passed","title":"caps BUY confidence when bullish signals blocked","duration":0.8906999999999243,"failureMessages":[],"meta":{},"tags":[]},{"ancestorTitles":["regimeConfidence"],"fullName":"regimeConfidence returns category-level modifier for platform display","status":"passed","title":"returns category-level modifier for platform display","duration":0.6480000000000246,"failureMessages":[],"meta":{},"tags":[]}],"startTime":1785944788625,"endTime":1785944788633.648,"status":"passed","message":"","name":"D:/api-update - Copy/src/lib/trust-layer/services/regimeConfidence.vitest.ts"},{"assertionResults":[{"ancestorTitles":["signalReasonEngine helpers"],"fullName":"signalReasonEngine helpers normalizes confirmation reasons from mixed input","status":"passed","title":"normalizes confirmation reasons from mixed input","duration":7.947900000000004,"failureMessages":[],"meta":{},"tags":[]},{"ancestorTitles":["signalReasonEngine helpers"],"fullName":"signalReasonEngine helpers merges rejection and missing requirement buckets","status":"passed","title":"merges rejection and missing requirement buckets","duration":1.169399999999996,"failureMessages":[],"meta":{},"tags":[]}],"startTime":1785944789791,"endTime":1785944789801.1694,"status":"passed","message":"","name":"D:/api-update - Copy/src/lib/trust-layer/services/signalReasonEngine.vitest.ts"},{"assertionResults":[{"ancestorTitles":["signalWarningEngine"],"fullName":"signalWarningEngine returns warnings array for feature input","status":"passed","title":"returns warnings array for feature input","duration":7.307400000000143,"failureMessages":[],"meta":{},"tags":[]}],"startTime":1785944791210,"endTime":1785944791217.3074,"status":"passed","message":"","name":"D:/api-update - Copy/src/lib/trust-layer/services/signalWarningEngine.vitest.ts"},{"assertionResults":[{"ancestorTitles":["regimeMapper"],"fullName":"regimeMapper maps bullish regimes","status":"passed","title":"maps bullish regimes","duration":4.757599999999911,"failureMessages":[],"meta":{},"tags":[]},{"ancestorTitles":["regimeMapper"],"fullName":"regimeMapper maps bearish regimes","status":"passed","title":"maps bearish regimes","duration":0.5394000000000005,"failureMessages":[],"meta":{},"tags":[]},{"ancestorTitles":["regimeMapper"],"fullName":"regimeMapper maps sideways","status":"passed","title":"maps sideways","duration":0.46859999999992397,"failureMessages":[],"meta":{},"tags":[]},{"ancestorTitles":["regimeMapper"],"fullName":"regimeMapper maps high volatility","status":"passed","title":"maps high volatility","duration":0.40989999999999327,"failureMessages":[],"meta":{},"tags":[]},{"ancestorTitles":["regimeMapper"],"fullName":"regimeMapper displays category labels","status":"passed","title":"displays category labels","duration":0.5405999999999267,"failureMessages":[],"meta":{},"tags":[]}],"startTime":1785944789676,"endTime":1785944789683.5405,"status":"passed","message":"","name":"D:/api-update - Copy/src/lib/trust-layer/mappers/regimeMapper.vitest.ts"}]}